  OpenGL.cpp
c:\users\admin\desktop\학교\4학년1학기\멀티코어프로그래밍\팀프로젝트\mp_team_regression_opengl\mp_team_regression\opengl.cpp(84): warning C4305: '인수': 'double'에서 'GLfloat'(으)로 잘립니다.
c:\users\admin\desktop\학교\4학년1학기\멀티코어프로그래밍\팀프로젝트\mp_team_regression_opengl\mp_team_regression\opengl.cpp(85): warning C4305: '인수': 'double'에서 'GLfloat'(으)로 잘립니다.
c:\users\admin\desktop\학교\4학년1학기\멀티코어프로그래밍\팀프로젝트\mp_team_regression_opengl\mp_team_regression\opengl.cpp(90): warning C4305: '인수': 'double'에서 'GLfloat'(으)로 잘립니다.
c:\users\admin\desktop\학교\4학년1학기\멀티코어프로그래밍\팀프로젝트\mp_team_regression_opengl\mp_team_regression\opengl.cpp(91): warning C4305: '인수': 'double'에서 'GLfloat'(으)로 잘립니다.
c:\program files (x86)\microsoft visual studio\2017\professional\vc\tools\msvc\14.16.27023\include\utility(172): warning C4244: '초기화 중': '_Ty'에서 '_Ty1'(으)로 변환하면서 데이터가 손실될 수 있습니다.
          with
          [
              _Ty=double
          ]
          and
          [
              _Ty1=float
          ]
  c:\users\admin\desktop\학교\4학년1학기\멀티코어프로그래밍\팀프로젝트\mp_team_regression_opengl\mp_team_regression\opengl.cpp(121): note: 컴파일 중인 함수 템플릿 인스턴스화 'std::pair<float,float>::pair<_Ty&,_Ty&,0>(_Other1,_Other2) noexcept'에 대한 참조를 확인하십시오.
          with
          [
              _Ty=double,
              _Other1=double &,
              _Other2=double &
          ]
  c:\users\admin\desktop\학교\4학년1학기\멀티코어프로그래밍\팀프로젝트\mp_team_regression_opengl\mp_team_regression\opengl.cpp(121): note: 컴파일 중인 함수 템플릿 인스턴스화 'std::pair<float,float>::pair<_Ty&,_Ty&,0>(_Other1,_Other2) noexcept'에 대한 참조를 확인하십시오.
          with
          [
              _Ty=double,
              _Other1=double &,
              _Other2=double &
          ]
c:\program files (x86)\microsoft visual studio\2017\professional\vc\tools\msvc\14.16.27023\include\utility(173): warning C4244: '초기화 중': '_Ty'에서 '_Ty2'(으)로 변환하면서 데이터가 손실될 수 있습니다.
          with
          [
              _Ty=double
          ]
          and
          [
              _Ty2=float
          ]
  main.cpp
  코드를 생성하고 있습니다...
  MP_Team_regression.vcxproj -> C:\Users\admin\Desktop\학교\4학년1학기\멀티코어프로그래밍\팀프로젝트\MP_Team_regression_Opengl\x64\Debug\MP_Team_regression.exe
